CRITICAL - 2021-12-07 06:52:50 -->  route cannot be found while reverse-routing.
#0 /app/system/HTTP/RedirectResponse.php(56): CodeIgniter\HTTP\Exceptions\HTTPException::forInvalidRedirectRoute()
#1 /app/app/Controllers/Login.php(76): CodeIgniter\HTTP\RedirectResponse->route()
#2 /app/app/Controllers/Login.php(85): App\Controllers\Login->logout()
#3 /app/system/CodeIgniter.php(824): App\Controllers\Login->chooseLoginOrLogout()
#4 /app/system/CodeIgniter.php(410): CodeIgniter\CodeIgniter->runController()
#5 /app/system/CodeIgniter.php(318): CodeIgniter\CodeIgniter->handleRequest()
#6 /app/public/index.php(37): CodeIgniter\CodeIgniter->run()
#7 {main}
CRITICAL - 2021-12-07 06:54:20 -->  route cannot be found while reverse-routing.
#0 /app/system/HTTP/RedirectResponse.php(56): CodeIgniter\HTTP\Exceptions\HTTPException::forInvalidRedirectRoute()
#1 /app/app/Controllers/Login.php(76): CodeIgniter\HTTP\RedirectResponse->route()
#2 /app/app/Controllers/Login.php(85): App\Controllers\Login->logout()
#3 /app/system/CodeIgniter.php(824): App\Controllers\Login->chooseLoginOrLogout()
#4 /app/system/CodeIgniter.php(410): CodeIgniter\CodeIgniter->runController()
#5 /app/system/CodeIgniter.php(318): CodeIgniter\CodeIgniter->handleRequest()
#6 /app/public/index.php(37): CodeIgniter\CodeIgniter->run()
#7 {main}
CRITICAL - 2021-12-07 06:57:37 --> syntax error, unexpected variable "$routes"
#0 /app/system/CodeIgniter.php(359): CodeIgniter\CodeIgniter->tryToRouteIt()
#1 /app/system/CodeIgniter.php(318): CodeIgniter\CodeIgniter->handleRequest()
#2 /app/public/index.php(37): CodeIgniter\CodeIgniter->run()
#3 {main}
CRITICAL - 2021-12-07 07:55:13 --> Undefined array key "slug"
#0 /app/app/Views/products/productList.php(11): CodeIgniter\Debug\Exceptions->errorHandler()
#1 /app/system/View/View.php(214): include('...')
#2 /app/system/View/View.php(217): CodeIgniter\View\View->CodeIgniter\View\{closure}()
#3 /app/system/Common.php(1097): CodeIgniter\View\View->render()
#4 /app/app/Controllers/Products.php(19): view()
#5 /app/system/CodeIgniter.php(824): App\Controllers\Products->index()
#6 /app/system/CodeIgniter.php(410): CodeIgniter\CodeIgniter->runController()
#7 /app/system/CodeIgniter.php(318): CodeIgniter\CodeIgniter->handleRequest()
#8 /app/public/index.php(37): CodeIgniter\CodeIgniter->run()
#9 {main}
CRITICAL - 2021-12-07 08:42:11 --> syntax error, unexpected variable "$routes"
#0 /app/system/CodeIgniter.php(359): CodeIgniter\CodeIgniter->tryToRouteIt()
#1 /app/system/CodeIgniter.php(318): CodeIgniter\CodeIgniter->handleRequest()
#2 /app/public/index.php(37): CodeIgniter\CodeIgniter->run()
#3 {main}
CRITICAL - 2021-12-07 08:42:24 --> Undefined variable $product
#0 /app/app/Views/products/singleProduct.php(1): CodeIgniter\Debug\Exceptions->errorHandler()
#1 /app/system/View/View.php(214): include('...')
#2 /app/system/View/View.php(217): CodeIgniter\View\View->CodeIgniter\View\{closure}()
#3 /app/system/Common.php(1097): CodeIgniter\View\View->render()
#4 /app/app/Controllers/Products.php(36): view()
#5 /app/system/CodeIgniter.php(824): App\Controllers\Products->view()
#6 /app/system/CodeIgniter.php(410): CodeIgniter\CodeIgniter->runController()
#7 /app/system/CodeIgniter.php(318): CodeIgniter\CodeIgniter->handleRequest()
#8 /app/public/index.php(37): CodeIgniter\CodeIgniter->run()
#9 {main}
