CRITICAL - 2021-12-15 06:52:35 --> Undefined variable $imageCounter
#0 /app/app/Views/products/personalProductList.php(9): CodeIgniter\Debug\Exceptions->errorHandler()
#1 /app/system/View/View.php(214): include('...')
#2 /app/system/View/View.php(217): CodeIgniter\View\View->CodeIgniter\View\{closure}()
#3 /app/system/Common.php(1097): CodeIgniter\View\View->render()
#4 /app/app/Controllers/Products.php(76): view()
#5 /app/system/CodeIgniter.php(824): App\Controllers\Products->personalProducts()
#6 /app/system/CodeIgniter.php(410): CodeIgniter\CodeIgniter->runController()
#7 /app/system/CodeIgniter.php(318): CodeIgniter\CodeIgniter->handleRequest()
#8 /app/public/index.php(37): CodeIgniter\CodeIgniter->run()
#9 {main}
CRITICAL - 2021-12-15 07:05:32 --> Undefined variable $imageModel
#0 /app/app/Controllers/Products.php(39): CodeIgniter\Debug\Exceptions->errorHandler()
#1 /app/system/CodeIgniter.php(824): App\Controllers\Products->view()
#2 /app/system/CodeIgniter.php(410): CodeIgniter\CodeIgniter->runController()
#3 /app/system/CodeIgniter.php(318): CodeIgniter\CodeIgniter->handleRequest()
#4 /app/public/index.php(37): CodeIgniter\CodeIgniter->run()
#5 {main}
CRITICAL - 2021-12-15 07:05:43 --> Trying to access array offset on value of type null
#0 /app/app/Controllers/Products.php(39): CodeIgniter\Debug\Exceptions->errorHandler()
#1 /app/system/CodeIgniter.php(824): App\Controllers\Products->view()
#2 /app/system/CodeIgniter.php(410): CodeIgniter\CodeIgniter->runController()
#3 /app/system/CodeIgniter.php(318): CodeIgniter\CodeIgniter->handleRequest()
#4 /app/public/index.php(37): CodeIgniter\CodeIgniter->run()
#5 {main}
CRITICAL - 2021-12-15 07:06:30 --> Trying to access array offset on value of type null
#0 /app/app/Controllers/Products.php(39): CodeIgniter\Debug\Exceptions->errorHandler()
#1 /app/system/CodeIgniter.php(824): App\Controllers\Products->view()
#2 /app/system/CodeIgniter.php(410): CodeIgniter\CodeIgniter->runController()
#3 /app/system/CodeIgniter.php(318): CodeIgniter\CodeIgniter->handleRequest()
#4 /app/public/index.php(37): CodeIgniter\CodeIgniter->run()
#5 {main}
CRITICAL - 2021-12-15 07:06:49 --> Trying to access array offset on value of type null
#0 /app/app/Controllers/Products.php(39): CodeIgniter\Debug\Exceptions->errorHandler()
#1 /app/system/CodeIgniter.php(824): App\Controllers\Products->view()
#2 /app/system/CodeIgniter.php(410): CodeIgniter\CodeIgniter->runController()
#3 /app/system/CodeIgniter.php(318): CodeIgniter\CodeIgniter->handleRequest()
#4 /app/public/index.php(37): CodeIgniter\CodeIgniter->run()
#5 {main}
CRITICAL - 2021-12-15 07:07:08 --> Trying to access array offset on value of type null
#0 /app/app/Controllers/Products.php(39): CodeIgniter\Debug\Exceptions->errorHandler()
#1 /app/system/CodeIgniter.php(824): App\Controllers\Products->view()
#2 /app/system/CodeIgniter.php(410): CodeIgniter\CodeIgniter->runController()
#3 /app/system/CodeIgniter.php(318): CodeIgniter\CodeIgniter->handleRequest()
#4 /app/public/index.php(37): CodeIgniter\CodeIgniter->run()
#5 {main}
CRITICAL - 2021-12-15 07:09:40 --> Trying to access array offset on value of type null
#0 /app/app/Controllers/Products.php(39): CodeIgniter\Debug\Exceptions->errorHandler()
#1 /app/system/CodeIgniter.php(824): App\Controllers\Products->view()
#2 /app/system/CodeIgniter.php(410): CodeIgniter\CodeIgniter->runController()
#3 /app/system/CodeIgniter.php(318): CodeIgniter\CodeIgniter->handleRequest()
#4 /app/public/index.php(37): CodeIgniter\CodeIgniter->run()
#5 {main}
CRITICAL - 2021-12-15 07:09:47 --> Trying to access array offset on value of type null
#0 /app/app/Controllers/Products.php(39): CodeIgniter\Debug\Exceptions->errorHandler()
#1 /app/system/CodeIgniter.php(824): App\Controllers\Products->view()
#2 /app/system/CodeIgniter.php(410): CodeIgniter\CodeIgniter->runController()
#3 /app/system/CodeIgniter.php(318): CodeIgniter\CodeIgniter->handleRequest()
#4 /app/public/index.php(37): CodeIgniter\CodeIgniter->run()
#5 {main}
CRITICAL - 2021-12-15 07:11:08 --> Array to string conversion
#0 /app/app/Views/products/singleProduct.php(4): CodeIgniter\Debug\Exceptions->errorHandler()
#1 /app/system/View/View.php(214): include('...')
#2 /app/system/View/View.php(217): CodeIgniter\View\View->CodeIgniter\View\{closure}()
#3 /app/system/Common.php(1097): CodeIgniter\View\View->render()
#4 /app/app/Controllers/Products.php(44): view()
#5 /app/system/CodeIgniter.php(824): App\Controllers\Products->view()
#6 /app/system/CodeIgniter.php(410): CodeIgniter\CodeIgniter->runController()
#7 /app/system/CodeIgniter.php(318): CodeIgniter\CodeIgniter->handleRequest()
#8 /app/public/index.php(37): CodeIgniter\CodeIgniter->run()
#9 {main}
CRITICAL - 2021-12-15 07:11:09 --> Trying to access array offset on value of type null
#0 /app/app/Controllers/Products.php(39): CodeIgniter\Debug\Exceptions->errorHandler()
#1 /app/system/CodeIgniter.php(824): App\Controllers\Products->view()
#2 /app/system/CodeIgniter.php(410): CodeIgniter\CodeIgniter->runController()
#3 /app/system/CodeIgniter.php(318): CodeIgniter\CodeIgniter->handleRequest()
#4 /app/public/index.php(37): CodeIgniter\CodeIgniter->run()
#5 {main}
CRITICAL - 2021-12-15 07:11:22 --> Trying to access array offset on value of type null
#0 /app/app/Controllers/Products.php(39): CodeIgniter\Debug\Exceptions->errorHandler()
#1 /app/system/CodeIgniter.php(824): App\Controllers\Products->view()
#2 /app/system/CodeIgniter.php(410): CodeIgniter\CodeIgniter->runController()
#3 /app/system/CodeIgniter.php(318): CodeIgniter\CodeIgniter->handleRequest()
#4 /app/public/index.php(37): CodeIgniter\CodeIgniter->run()
#5 {main}
CRITICAL - 2021-12-15 07:11:40 --> Trying to access array offset on value of type null
#0 /app/app/Controllers/Products.php(39): CodeIgniter\Debug\Exceptions->errorHandler()
#1 /app/system/CodeIgniter.php(824): App\Controllers\Products->view()
#2 /app/system/CodeIgniter.php(410): CodeIgniter\CodeIgniter->runController()
#3 /app/system/CodeIgniter.php(318): CodeIgniter\CodeIgniter->handleRequest()
#4 /app/public/index.php(37): CodeIgniter\CodeIgniter->run()
#5 {main}
CRITICAL - 2021-12-15 07:13:51 --> Trying to access array offset on value of type null
#0 /app/app/Controllers/Products.php(39): CodeIgniter\Debug\Exceptions->errorHandler()
#1 /app/system/CodeIgniter.php(824): App\Controllers\Products->view()
#2 /app/system/CodeIgniter.php(410): CodeIgniter\CodeIgniter->runController()
#3 /app/system/CodeIgniter.php(318): CodeIgniter\CodeIgniter->handleRequest()
#4 /app/public/index.php(37): CodeIgniter\CodeIgniter->run()
#5 {main}
CRITICAL - 2021-12-15 07:14:24 --> Trying to access array offset on value of type null
#0 /app/app/Controllers/Products.php(39): CodeIgniter\Debug\Exceptions->errorHandler()
#1 /app/system/CodeIgniter.php(824): App\Controllers\Products->view()
#2 /app/system/CodeIgniter.php(410): CodeIgniter\CodeIgniter->runController()
#3 /app/system/CodeIgniter.php(318): CodeIgniter\CodeIgniter->handleRequest()
#4 /app/public/index.php(37): CodeIgniter\CodeIgniter->run()
#5 {main}
CRITICAL - 2021-12-15 07:14:58 --> Trying to access array offset on value of type null
#0 /app/app/Controllers/Products.php(39): CodeIgniter\Debug\Exceptions->errorHandler()
#1 /app/system/CodeIgniter.php(824): App\Controllers\Products->view()
#2 /app/system/CodeIgniter.php(410): CodeIgniter\CodeIgniter->runController()
#3 /app/system/CodeIgniter.php(318): CodeIgniter\CodeIgniter->handleRequest()
#4 /app/public/index.php(37): CodeIgniter\CodeIgniter->run()
#5 {main}
CRITICAL - 2021-12-15 07:15:22 --> Trying to access array offset on value of type null
#0 /app/app/Controllers/Products.php(39): CodeIgniter\Debug\Exceptions->errorHandler()
#1 /app/system/CodeIgniter.php(824): App\Controllers\Products->view()
#2 /app/system/CodeIgniter.php(410): CodeIgniter\CodeIgniter->runController()
#3 /app/system/CodeIgniter.php(318): CodeIgniter\CodeIgniter->handleRequest()
#4 /app/public/index.php(37): CodeIgniter\CodeIgniter->run()
#5 {main}
CRITICAL - 2021-12-15 07:15:32 --> Trying to access array offset on value of type null
#0 /app/app/Controllers/Products.php(39): CodeIgniter\Debug\Exceptions->errorHandler()
#1 /app/system/CodeIgniter.php(824): App\Controllers\Products->view()
#2 /app/system/CodeIgniter.php(410): CodeIgniter\CodeIgniter->runController()
#3 /app/system/CodeIgniter.php(318): CodeIgniter\CodeIgniter->handleRequest()
#4 /app/public/index.php(37): CodeIgniter\CodeIgniter->run()
#5 {main}
CRITICAL - 2021-12-15 07:15:40 --> Trying to access array offset on value of type null
#0 /app/app/Controllers/Products.php(39): CodeIgniter\Debug\Exceptions->errorHandler()
#1 /app/system/CodeIgniter.php(824): App\Controllers\Products->view()
#2 /app/system/CodeIgniter.php(410): CodeIgniter\CodeIgniter->runController()
#3 /app/system/CodeIgniter.php(318): CodeIgniter\CodeIgniter->handleRequest()
#4 /app/public/index.php(37): CodeIgniter\CodeIgniter->run()
#5 {main}
CRITICAL - 2021-12-15 07:16:07 --> Trying to access array offset on value of type null
#0 /app/app/Controllers/Products.php(39): CodeIgniter\Debug\Exceptions->errorHandler()
#1 /app/system/CodeIgniter.php(824): App\Controllers\Products->view()
#2 /app/system/CodeIgniter.php(410): CodeIgniter\CodeIgniter->runController()
#3 /app/system/CodeIgniter.php(318): CodeIgniter\CodeIgniter->handleRequest()
#4 /app/public/index.php(37): CodeIgniter\CodeIgniter->run()
#5 {main}
CRITICAL - 2021-12-15 07:16:16 --> Trying to access array offset on value of type null
#0 /app/app/Controllers/Products.php(39): CodeIgniter\Debug\Exceptions->errorHandler()
#1 /app/system/CodeIgniter.php(824): App\Controllers\Products->view()
#2 /app/system/CodeIgniter.php(410): CodeIgniter\CodeIgniter->runController()
#3 /app/system/CodeIgniter.php(318): CodeIgniter\CodeIgniter->handleRequest()
#4 /app/public/index.php(37): CodeIgniter\CodeIgniter->run()
#5 {main}
CRITICAL - 2021-12-15 07:16:23 --> Trying to access array offset on value of type null
#0 /app/app/Controllers/Products.php(39): CodeIgniter\Debug\Exceptions->errorHandler()
#1 /app/system/CodeIgniter.php(824): App\Controllers\Products->view()
#2 /app/system/CodeIgniter.php(410): CodeIgniter\CodeIgniter->runController()
#3 /app/system/CodeIgniter.php(318): CodeIgniter\CodeIgniter->handleRequest()
#4 /app/public/index.php(37): CodeIgniter\CodeIgniter->run()
#5 {main}
CRITICAL - 2021-12-15 07:16:41 --> Trying to access array offset on value of type null
#0 /app/app/Controllers/Products.php(39): CodeIgniter\Debug\Exceptions->errorHandler()
#1 /app/system/CodeIgniter.php(824): App\Controllers\Products->view()
#2 /app/system/CodeIgniter.php(410): CodeIgniter\CodeIgniter->runController()
#3 /app/system/CodeIgniter.php(318): CodeIgniter\CodeIgniter->handleRequest()
#4 /app/public/index.php(37): CodeIgniter\CodeIgniter->run()
#5 {main}
CRITICAL - 2021-12-15 07:16:56 --> Trying to access array offset on value of type null
#0 /app/app/Controllers/Products.php(39): CodeIgniter\Debug\Exceptions->errorHandler()
#1 /app/system/CodeIgniter.php(824): App\Controllers\Products->view()
#2 /app/system/CodeIgniter.php(410): CodeIgniter\CodeIgniter->runController()
#3 /app/system/CodeIgniter.php(318): CodeIgniter\CodeIgniter->handleRequest()
#4 /app/public/index.php(37): CodeIgniter\CodeIgniter->run()
#5 {main}
CRITICAL - 2021-12-15 07:17:55 --> Trying to access array offset on value of type null
#0 /app/app/Controllers/Products.php(39): CodeIgniter\Debug\Exceptions->errorHandler()
#1 /app/system/CodeIgniter.php(824): App\Controllers\Products->view()
#2 /app/system/CodeIgniter.php(410): CodeIgniter\CodeIgniter->runController()
#3 /app/system/CodeIgniter.php(318): CodeIgniter\CodeIgniter->handleRequest()
#4 /app/public/index.php(37): CodeIgniter\CodeIgniter->run()
#5 {main}
CRITICAL - 2021-12-15 07:40:09 --> syntax error, unexpected token "}", expecting "," or ";"
#0 /app/system/View/View.php(217): CodeIgniter\View\View->CodeIgniter\View\{closure}()
#1 /app/system/Common.php(1097): CodeIgniter\View\View->render()
#2 /app/app/Controllers/Profile.php(32): view()
#3 /app/system/CodeIgniter.php(824): App\Controllers\Profile->messages()
#4 /app/system/CodeIgniter.php(410): CodeIgniter\CodeIgniter->runController()
#5 /app/system/CodeIgniter.php(318): CodeIgniter\CodeIgniter->handleRequest()
#6 /app/public/index.php(37): CodeIgniter\CodeIgniter->run()
#7 {main}
CRITICAL - 2021-12-15 07:40:17 --> syntax error, unexpected token "}", expecting "," or ";"
#0 /app/system/View/View.php(217): CodeIgniter\View\View->CodeIgniter\View\{closure}()
#1 /app/system/Common.php(1097): CodeIgniter\View\View->render()
#2 /app/app/Controllers/Profile.php(32): view()
#3 /app/system/CodeIgniter.php(824): App\Controllers\Profile->messages()
#4 /app/system/CodeIgniter.php(410): CodeIgniter\CodeIgniter->runController()
#5 /app/system/CodeIgniter.php(318): CodeIgniter\CodeIgniter->handleRequest()
#6 /app/public/index.php(37): CodeIgniter\CodeIgniter->run()
#7 {main}
CRITICAL - 2021-12-15 07:42:15 --> Trying to access array offset on value of type null
#0 /app/app/Views/templates/header.php(29): CodeIgniter\Debug\Exceptions->errorHandler()
#1 /app/system/View/View.php(214): include('...')
#2 /app/system/View/View.php(217): CodeIgniter\View\View->CodeIgniter\View\{closure}()
#3 /app/system/Common.php(1097): CodeIgniter\View\View->render()
#4 /app/app/Controllers/Login.php(12): view()
#5 /app/app/Controllers/Login.php(92): App\Controllers\Login->index()
#6 /app/system/CodeIgniter.php(824): App\Controllers\Login->chooseLoginOrLogout()
#7 /app/system/CodeIgniter.php(410): CodeIgniter\CodeIgniter->runController()
#8 /app/system/CodeIgniter.php(318): CodeIgniter\CodeIgniter->handleRequest()
#9 /app/public/index.php(37): CodeIgniter\CodeIgniter->run()
#10 {main}
CRITICAL - 2021-12-15 07:43:20 --> Trying to access array offset on value of type null
#0 /app/app/Views/templates/header.php(30): CodeIgniter\Debug\Exceptions->errorHandler()
#1 /app/system/View/View.php(214): include('...')
#2 /app/system/View/View.php(217): CodeIgniter\View\View->CodeIgniter\View\{closure}()
#3 /app/system/Common.php(1097): CodeIgniter\View\View->render()
#4 /app/app/Controllers/Login.php(12): view()
#5 /app/app/Controllers/Login.php(92): App\Controllers\Login->index()
#6 /app/system/CodeIgniter.php(824): App\Controllers\Login->chooseLoginOrLogout()
#7 /app/system/CodeIgniter.php(410): CodeIgniter\CodeIgniter->runController()
#8 /app/system/CodeIgniter.php(318): CodeIgniter\CodeIgniter->handleRequest()
#9 /app/public/index.php(37): CodeIgniter\CodeIgniter->run()
#10 {main}
CRITICAL - 2021-12-15 07:43:44 --> Trying to access array offset on value of type null
#0 /app/app/Views/templates/header.php(30): CodeIgniter\Debug\Exceptions->errorHandler()
#1 /app/system/View/View.php(214): include('...')
#2 /app/system/View/View.php(217): CodeIgniter\View\View->CodeIgniter\View\{closure}()
#3 /app/system/Common.php(1097): CodeIgniter\View\View->render()
#4 /app/app/Controllers/Login.php(12): view()
#5 /app/app/Controllers/Login.php(92): App\Controllers\Login->index()
#6 /app/system/CodeIgniter.php(824): App\Controllers\Login->chooseLoginOrLogout()
#7 /app/system/CodeIgniter.php(410): CodeIgniter\CodeIgniter->runController()
#8 /app/system/CodeIgniter.php(318): CodeIgniter\CodeIgniter->handleRequest()
#9 /app/public/index.php(37): CodeIgniter\CodeIgniter->run()
#10 {main}
CRITICAL - 2021-12-15 08:00:07 --> Trying to access array offset on value of type null
#0 /app/app/Views/templates/header.php(29): CodeIgniter\Debug\Exceptions->errorHandler()
#1 /app/system/View/View.php(214): include('...')
#2 /app/system/View/View.php(217): CodeIgniter\View\View->CodeIgniter\View\{closure}()
#3 /app/system/Common.php(1097): CodeIgniter\View\View->render()
#4 /app/app/Controllers/Profile.php(18): view()
#5 /app/system/CodeIgniter.php(824): App\Controllers\Profile->index()
#6 /app/system/CodeIgniter.php(410): CodeIgniter\CodeIgniter->runController()
#7 /app/system/CodeIgniter.php(318): CodeIgniter\CodeIgniter->handleRequest()
#8 /app/public/index.php(37): CodeIgniter\CodeIgniter->run()
#9 {main}
CRITICAL - 2021-12-15 08:01:05 --> syntax error, unexpected token "endif", expecting end of file
#0 /app/system/View/View.php(217): CodeIgniter\View\View->CodeIgniter\View\{closure}()
#1 /app/system/Common.php(1097): CodeIgniter\View\View->render()
#2 /app/app/Controllers/Profile.php(18): view()
#3 /app/system/CodeIgniter.php(824): App\Controllers\Profile->index()
#4 /app/system/CodeIgniter.php(410): CodeIgniter\CodeIgniter->runController()
#5 /app/system/CodeIgniter.php(318): CodeIgniter\CodeIgniter->handleRequest()
#6 /app/public/index.php(37): CodeIgniter\CodeIgniter->run()
#7 {main}
CRITICAL - 2021-12-15 08:01:14 --> Trying to access array offset on value of type null
#0 /app/app/Views/templates/header.php(33): CodeIgniter\Debug\Exceptions->errorHandler()
#1 /app/system/View/View.php(214): include('...')
#2 /app/system/View/View.php(217): CodeIgniter\View\View->CodeIgniter\View\{closure}()
#3 /app/system/Common.php(1097): CodeIgniter\View\View->render()
#4 /app/app/Controllers/Profile.php(18): view()
#5 /app/system/CodeIgniter.php(824): App\Controllers\Profile->index()
#6 /app/system/CodeIgniter.php(410): CodeIgniter\CodeIgniter->runController()
#7 /app/system/CodeIgniter.php(318): CodeIgniter\CodeIgniter->handleRequest()
#8 /app/public/index.php(37): CodeIgniter\CodeIgniter->run()
#9 {main}
CRITICAL - 2021-12-15 08:02:08 --> Trying to access array offset on value of type null
#0 /app/app/Views/templates/header.php(29): CodeIgniter\Debug\Exceptions->errorHandler()
#1 /app/system/View/View.php(214): include('...')
#2 /app/system/View/View.php(217): CodeIgniter\View\View->CodeIgniter\View\{closure}()
#3 /app/system/Common.php(1097): CodeIgniter\View\View->render()
#4 /app/app/Controllers/Profile.php(18): view()
#5 /app/system/CodeIgniter.php(824): App\Controllers\Profile->index()
#6 /app/system/CodeIgniter.php(410): CodeIgniter\CodeIgniter->runController()
#7 /app/system/CodeIgniter.php(318): CodeIgniter\CodeIgniter->handleRequest()
#8 /app/public/index.php(37): CodeIgniter\CodeIgniter->run()
#9 {main}
CRITICAL - 2021-12-15 08:02:19 --> Trying to access array offset on value of type null
#0 /app/app/Views/templates/header.php(29): CodeIgniter\Debug\Exceptions->errorHandler()
#1 /app/system/View/View.php(214): include('...')
#2 /app/system/View/View.php(217): CodeIgniter\View\View->CodeIgniter\View\{closure}()
#3 /app/system/Common.php(1097): CodeIgniter\View\View->render()
#4 /app/app/Controllers/Profile.php(18): view()
#5 /app/system/CodeIgniter.php(824): App\Controllers\Profile->index()
#6 /app/system/CodeIgniter.php(410): CodeIgniter\CodeIgniter->runController()
#7 /app/system/CodeIgniter.php(318): CodeIgniter\CodeIgniter->handleRequest()
#8 /app/public/index.php(37): CodeIgniter\CodeIgniter->run()
#9 {main}
CRITICAL - 2021-12-15 08:03:17 --> Trying to access array offset on value of type null
#0 /app/app/Views/templates/header.php(33): CodeIgniter\Debug\Exceptions->errorHandler()
#1 /app/system/View/View.php(214): include('...')
#2 /app/system/View/View.php(217): CodeIgniter\View\View->CodeIgniter\View\{closure}()
#3 /app/system/Common.php(1097): CodeIgniter\View\View->render()
#4 /app/app/Controllers/Profile.php(18): view()
#5 /app/system/CodeIgniter.php(824): App\Controllers\Profile->index()
#6 /app/system/CodeIgniter.php(410): CodeIgniter\CodeIgniter->runController()
#7 /app/system/CodeIgniter.php(318): CodeIgniter\CodeIgniter->handleRequest()
#8 /app/public/index.php(37): CodeIgniter\CodeIgniter->run()
#9 {main}
CRITICAL - 2021-12-15 08:03:38 --> Trying to access array offset on value of type null
#0 /app/app/Views/profile/profile.php(10): CodeIgniter\Debug\Exceptions->errorHandler()
#1 /app/system/View/View.php(214): include('...')
#2 /app/system/View/View.php(217): CodeIgniter\View\View->CodeIgniter\View\{closure}()
#3 /app/system/Common.php(1097): CodeIgniter\View\View->render()
#4 /app/app/Controllers/Profile.php(19): view()
#5 /app/system/CodeIgniter.php(824): App\Controllers\Profile->index()
#6 /app/system/CodeIgniter.php(410): CodeIgniter\CodeIgniter->runController()
#7 /app/system/CodeIgniter.php(318): CodeIgniter\CodeIgniter->handleRequest()
#8 /app/public/index.php(37): CodeIgniter\CodeIgniter->run()
#9 {main}
CRITICAL - 2021-12-15 12:44:42 --> Trying to access array offset on value of type null
#0 /app/app/Views/profile/profile.php(10): CodeIgniter\Debug\Exceptions->errorHandler()
#1 /app/system/View/View.php(214): include('...')
#2 /app/system/View/View.php(217): CodeIgniter\View\View->CodeIgniter\View\{closure}()
#3 /app/system/Common.php(1097): CodeIgniter\View\View->render()
#4 /app/app/Controllers/Profile.php(19): view()
#5 /app/system/CodeIgniter.php(824): App\Controllers\Profile->index()
#6 /app/system/CodeIgniter.php(410): CodeIgniter\CodeIgniter->runController()
#7 /app/system/CodeIgniter.php(318): CodeIgniter\CodeIgniter->handleRequest()
#8 /app/public/index.php(37): CodeIgniter\CodeIgniter->run()
#9 {main}
CRITICAL - 2021-12-15 12:51:08 --> syntax error, unexpected token "echo"
#0 /app/system/View/View.php(217): CodeIgniter\View\View->CodeIgniter\View\{closure}()
#1 /app/system/Common.php(1097): CodeIgniter\View\View->render()
#2 /app/app/Controllers/Profile.php(18): view()
#3 /app/system/CodeIgniter.php(824): App\Controllers\Profile->index()
#4 /app/system/CodeIgniter.php(410): CodeIgniter\CodeIgniter->runController()
#5 /app/system/CodeIgniter.php(318): CodeIgniter\CodeIgniter->handleRequest()
#6 /app/public/index.php(37): CodeIgniter\CodeIgniter->run()
#7 {main}
CRITICAL - 2021-12-15 12:52:38 --> syntax error, unexpected token "echo"
#0 /app/system/View/View.php(217): CodeIgniter\View\View->CodeIgniter\View\{closure}()
#1 /app/system/Common.php(1097): CodeIgniter\View\View->render()
#2 /app/app/Controllers/Login.php(12): view()
#3 /app/app/Controllers/Login.php(92): App\Controllers\Login->index()
#4 /app/system/CodeIgniter.php(824): App\Controllers\Login->chooseLoginOrLogout()
#5 /app/system/CodeIgniter.php(410): CodeIgniter\CodeIgniter->runController()
#6 /app/system/CodeIgniter.php(318): CodeIgniter\CodeIgniter->handleRequest()
#7 /app/public/index.php(37): CodeIgniter\CodeIgniter->run()
#8 {main}
CRITICAL - 2021-12-15 12:52:40 --> syntax error, unexpected token "echo"
#0 /app/system/View/View.php(217): CodeIgniter\View\View->CodeIgniter\View\{closure}()
#1 /app/system/Common.php(1097): CodeIgniter\View\View->render()
#2 /app/app/Controllers/Profile.php(18): view()
#3 /app/system/CodeIgniter.php(824): App\Controllers\Profile->index()
#4 /app/system/CodeIgniter.php(410): CodeIgniter\CodeIgniter->runController()
#5 /app/system/CodeIgniter.php(318): CodeIgniter\CodeIgniter->handleRequest()
#6 /app/public/index.php(37): CodeIgniter\CodeIgniter->run()
#7 {main}
CRITICAL - 2021-12-15 12:52:42 --> syntax error, unexpected token "echo"
#0 /app/system/View/View.php(217): CodeIgniter\View\View->CodeIgniter\View\{closure}()
#1 /app/system/Common.php(1097): CodeIgniter\View\View->render()
#2 /app/app/Controllers/Login.php(12): view()
#3 /app/app/Controllers/Login.php(92): App\Controllers\Login->index()
#4 /app/system/CodeIgniter.php(824): App\Controllers\Login->chooseLoginOrLogout()
#5 /app/system/CodeIgniter.php(410): CodeIgniter\CodeIgniter->runController()
#6 /app/system/CodeIgniter.php(318): CodeIgniter\CodeIgniter->handleRequest()
#7 /app/public/index.php(37): CodeIgniter\CodeIgniter->run()
#8 {main}
CRITICAL - 2021-12-15 12:52:44 --> syntax error, unexpected token "echo"
#0 /app/system/View/View.php(217): CodeIgniter\View\View->CodeIgniter\View\{closure}()
#1 /app/system/Common.php(1097): CodeIgniter\View\View->render()
#2 /app/app/Controllers/Profile.php(18): view()
#3 /app/system/CodeIgniter.php(824): App\Controllers\Profile->index()
#4 /app/system/CodeIgniter.php(410): CodeIgniter\CodeIgniter->runController()
#5 /app/system/CodeIgniter.php(318): CodeIgniter\CodeIgniter->handleRequest()
#6 /app/public/index.php(37): CodeIgniter\CodeIgniter->run()
#7 {main}
CRITICAL - 2021-12-15 12:53:48 --> Trying to access array offset on value of type null
#0 /app/app/Views/profile/profile.php(10): CodeIgniter\Debug\Exceptions->errorHandler()
#1 /app/system/View/View.php(214): include('...')
#2 /app/system/View/View.php(217): CodeIgniter\View\View->CodeIgniter\View\{closure}()
#3 /app/system/Common.php(1097): CodeIgniter\View\View->render()
#4 /app/app/Controllers/Profile.php(19): view()
#5 /app/system/CodeIgniter.php(824): App\Controllers\Profile->index()
#6 /app/system/CodeIgniter.php(410): CodeIgniter\CodeIgniter->runController()
#7 /app/system/CodeIgniter.php(318): CodeIgniter\CodeIgniter->handleRequest()
#8 /app/public/index.php(37): CodeIgniter\CodeIgniter->run()
#9 {main}
CRITICAL - 2021-12-15 13:03:48 --> Trying to access array offset on value of type null
#0 /app/app/Controllers/Products.php(39): CodeIgniter\Debug\Exceptions->errorHandler()
#1 /app/system/CodeIgniter.php(824): App\Controllers\Products->view()
#2 /app/system/CodeIgniter.php(410): CodeIgniter\CodeIgniter->runController()
#3 /app/system/CodeIgniter.php(318): CodeIgniter\CodeIgniter->handleRequest()
#4 /app/public/index.php(37): CodeIgniter\CodeIgniter->run()
#5 {main}
CRITICAL - 2021-12-15 13:06:48 --> Trying to access array offset on value of type null
#0 /app/app/Views/templates/header.php(30): CodeIgniter\Debug\Exceptions->errorHandler()
#1 /app/system/View/View.php(214): include('...')
#2 /app/system/View/View.php(217): CodeIgniter\View\View->CodeIgniter\View\{closure}()
#3 /app/system/Common.php(1097): CodeIgniter\View\View->render()
#4 /app/app/Controllers/Profile.php(18): view()
#5 /app/system/CodeIgniter.php(824): App\Controllers\Profile->index()
#6 /app/system/CodeIgniter.php(410): CodeIgniter\CodeIgniter->runController()
#7 /app/system/CodeIgniter.php(318): CodeIgniter\CodeIgniter->handleRequest()
#8 /app/public/index.php(37): CodeIgniter\CodeIgniter->run()
#9 {main}
