CRITICAL - 2021-12-17 07:19:47 --> Trying to access array offset on value of type null
#0 /app/app/Views/templates/header.php(30): CodeIgniter\Debug\Exceptions->errorHandler()
#1 /app/system/View/View.php(214): include('...')
#2 /app/system/View/View.php(217): CodeIgniter\View\View->CodeIgniter\View\{closure}()
#3 /app/system/Common.php(1097): CodeIgniter\View\View->render()
#4 /app/app/Controllers/Profile.php(18): view()
#5 /app/system/CodeIgniter.php(824): App\Controllers\Profile->index()
#6 /app/system/CodeIgniter.php(410): CodeIgniter\CodeIgniter->runController()
#7 /app/system/CodeIgniter.php(318): CodeIgniter\CodeIgniter->handleRequest()
#8 /app/public/index.php(37): CodeIgniter\CodeIgniter->run()
#9 {main}
CRITICAL - 2021-12-17 07:25:41 --> Trying to access array offset on value of type null
#0 /app/app/Views/templates/header.php(30): CodeIgniter\Debug\Exceptions->errorHandler()
#1 /app/system/View/View.php(214): include('...')
#2 /app/system/View/View.php(217): CodeIgniter\View\View->CodeIgniter\View\{closure}()
#3 /app/system/Common.php(1097): CodeIgniter\View\View->render()
#4 /app/app/Controllers/Profile.php(18): view()
#5 /app/system/CodeIgniter.php(824): App\Controllers\Profile->index()
#6 /app/system/CodeIgniter.php(410): CodeIgniter\CodeIgniter->runController()
#7 /app/system/CodeIgniter.php(318): CodeIgniter\CodeIgniter->handleRequest()
#8 /app/public/index.php(37): CodeIgniter\CodeIgniter->run()
#9 {main}
CRITICAL - 2021-12-17 07:35:42 --> Undefined variable $images
#0 /app/app/Views/profile/cart.php(20): CodeIgniter\Debug\Exceptions->errorHandler()
#1 /app/system/View/View.php(214): include('...')
#2 /app/system/View/View.php(217): CodeIgniter\View\View->CodeIgniter\View\{closure}()
#3 /app/system/Common.php(1097): CodeIgniter\View\View->render()
#4 /app/app/Controllers/cart.php(17): view()
#5 /app/system/CodeIgniter.php(824): App\Controllers\Cart->index()
#6 /app/system/CodeIgniter.php(410): CodeIgniter\CodeIgniter->runController()
#7 /app/system/CodeIgniter.php(318): CodeIgniter\CodeIgniter->handleRequest()
#8 /app/public/index.php(37): CodeIgniter\CodeIgniter->run()
#9 {main}
CRITICAL - 2021-12-17 07:43:41 --> Cannot access offset of type string on string
#0 /app/system/CodeIgniter.php(824): App\Controllers\Cart->index()
#1 /app/system/CodeIgniter.php(410): CodeIgniter\CodeIgniter->runController()
#2 /app/system/CodeIgniter.php(318): CodeIgniter\CodeIgniter->handleRequest()
#3 /app/public/index.php(37): CodeIgniter\CodeIgniter->run()
#4 {main}
ERROR - 2021-12-17 08:04:55 --> Unknown column 'id' in 'where clause'
CRITICAL - 2021-12-17 08:04:55 --> Unknown column 'id' in 'where clause'
#0 /app/system/Database/MySQLi/Connection.php(292): mysqli->query()
#1 /app/system/Database/BaseConnection.php(670): CodeIgniter\Database\MySQLi\Connection->execute()
#2 /app/system/Database/BaseConnection.php(598): CodeIgniter\Database\BaseConnection->simpleQuery()
#3 /app/system/Database/BaseBuilder.php(1527): CodeIgniter\Database\BaseConnection->query()
#4 /app/system/Model.php(509): CodeIgniter\Database\BaseBuilder->countAllResults()
#5 /app/system/Model.php(592): CodeIgniter\Model->countAllResults()
#6 /app/system/BaseModel.php(655): CodeIgniter\Model->shouldUpdate()
#7 /app/app/Controllers/cart.php(40): CodeIgniter\BaseModel->save()
#8 /app/system/CodeIgniter.php(824): App\Controllers\Cart->addProduct()
#9 /app/system/CodeIgniter.php(410): CodeIgniter\CodeIgniter->runController()
#10 /app/system/CodeIgniter.php(318): CodeIgniter\CodeIgniter->handleRequest()
#11 /app/public/index.php(37): CodeIgniter\CodeIgniter->run()
#12 {main}
CRITICAL - 2021-12-17 08:06:41 --> Cannot access offset of type string on string
#0 /app/system/CodeIgniter.php(824): App\Controllers\Cart->index()
#1 /app/system/CodeIgniter.php(410): CodeIgniter\CodeIgniter->runController()
#2 /app/system/CodeIgniter.php(318): CodeIgniter\CodeIgniter->handleRequest()
#3 /app/public/index.php(37): CodeIgniter\CodeIgniter->run()
#4 {main}
CRITICAL - 2021-12-17 08:07:17 --> Cannot access offset of type string on string
#0 /app/system/CodeIgniter.php(824): App\Controllers\Cart->index()
#1 /app/system/CodeIgniter.php(410): CodeIgniter\CodeIgniter->runController()
#2 /app/system/CodeIgniter.php(318): CodeIgniter\CodeIgniter->handleRequest()
#3 /app/public/index.php(37): CodeIgniter\CodeIgniter->run()
#4 {main}
CRITICAL - 2021-12-17 08:10:55 --> Cannot access offset of type string on string
#0 /app/system/CodeIgniter.php(824): App\Controllers\Cart->index()
#1 /app/system/CodeIgniter.php(410): CodeIgniter\CodeIgniter->runController()
#2 /app/system/CodeIgniter.php(318): CodeIgniter\CodeIgniter->handleRequest()
#3 /app/public/index.php(37): CodeIgniter\CodeIgniter->run()
#4 {main}
CRITICAL - 2021-12-17 08:11:10 --> Cannot access offset of type string on string
#0 /app/system/CodeIgniter.php(824): App\Controllers\Cart->index()
#1 /app/system/CodeIgniter.php(410): CodeIgniter\CodeIgniter->runController()
#2 /app/system/CodeIgniter.php(318): CodeIgniter\CodeIgniter->handleRequest()
#3 /app/public/index.php(37): CodeIgniter\CodeIgniter->run()
#4 {main}
CRITICAL - 2021-12-17 08:25:08 --> syntax error, unexpected end of file
#0 /app/system/View/View.php(217): CodeIgniter\View\View->CodeIgniter\View\{closure}()
#1 /app/system/Common.php(1097): CodeIgniter\View\View->render()
#2 /app/app/Controllers/cart.php(26): view()
#3 /app/system/CodeIgniter.php(824): App\Controllers\Cart->index()
#4 /app/system/CodeIgniter.php(410): CodeIgniter\CodeIgniter->runController()
#5 /app/system/CodeIgniter.php(318): CodeIgniter\CodeIgniter->handleRequest()
#6 /app/public/index.php(37): CodeIgniter\CodeIgniter->run()
#7 {main}
CRITICAL - 2021-12-17 08:26:03 --> syntax error, unexpected end of file
#0 /app/system/View/View.php(217): CodeIgniter\View\View->CodeIgniter\View\{closure}()
#1 /app/system/Common.php(1097): CodeIgniter\View\View->render()
#2 /app/app/Controllers/cart.php(26): view()
#3 /app/system/CodeIgniter.php(824): App\Controllers\Cart->index()
#4 /app/system/CodeIgniter.php(410): CodeIgniter\CodeIgniter->runController()
#5 /app/system/CodeIgniter.php(318): CodeIgniter\CodeIgniter->handleRequest()
#6 /app/public/index.php(37): CodeIgniter\CodeIgniter->run()
#7 {main}
CRITICAL - 2021-12-17 08:27:49 --> Trying to access array offset on value of type null
#0 /app/app/Views/profile/cart.php(10): CodeIgniter\Debug\Exceptions->errorHandler()
#1 /app/system/View/View.php(214): include('...')
#2 /app/system/View/View.php(217): CodeIgniter\View\View->CodeIgniter\View\{closure}()
#3 /app/system/Common.php(1097): CodeIgniter\View\View->render()
#4 /app/app/Controllers/cart.php(26): view()
#5 /app/system/CodeIgniter.php(824): App\Controllers\Cart->index()
#6 /app/system/CodeIgniter.php(410): CodeIgniter\CodeIgniter->runController()
#7 /app/system/CodeIgniter.php(318): CodeIgniter\CodeIgniter->handleRequest()
#8 /app/public/index.php(37): CodeIgniter\CodeIgniter->run()
#9 {main}
CRITICAL - 2021-12-17 08:28:29 --> Trying to access array offset on value of type null
#0 /app/app/Views/profile/cart.php(10): CodeIgniter\Debug\Exceptions->errorHandler()
#1 /app/system/View/View.php(214): include('...')
#2 /app/system/View/View.php(217): CodeIgniter\View\View->CodeIgniter\View\{closure}()
#3 /app/system/Common.php(1097): CodeIgniter\View\View->render()
#4 /app/app/Controllers/cart.php(26): view()
#5 /app/system/CodeIgniter.php(824): App\Controllers\Cart->index()
#6 /app/system/CodeIgniter.php(410): CodeIgniter\CodeIgniter->runController()
#7 /app/system/CodeIgniter.php(318): CodeIgniter\CodeIgniter->handleRequest()
#8 /app/public/index.php(37): CodeIgniter\CodeIgniter->run()
#9 {main}
CRITICAL - 2021-12-17 08:29:41 --> Trying to access array offset on value of type null
#0 /app/app/Views/profile/cart.php(10): CodeIgniter\Debug\Exceptions->errorHandler()
#1 /app/system/View/View.php(214): include('...')
#2 /app/system/View/View.php(217): CodeIgniter\View\View->CodeIgniter\View\{closure}()
#3 /app/system/Common.php(1097): CodeIgniter\View\View->render()
#4 /app/app/Controllers/cart.php(26): view()
#5 /app/system/CodeIgniter.php(824): App\Controllers\Cart->index()
#6 /app/system/CodeIgniter.php(410): CodeIgniter\CodeIgniter->runController()
#7 /app/system/CodeIgniter.php(318): CodeIgniter\CodeIgniter->handleRequest()
#8 /app/public/index.php(37): CodeIgniter\CodeIgniter->run()
#9 {main}
CRITICAL - 2021-12-17 08:32:54 --> Trying to access array offset on value of type null
#0 /app/app/Views/profile/cart.php(10): CodeIgniter\Debug\Exceptions->errorHandler()
#1 /app/system/View/View.php(214): include('...')
#2 /app/system/View/View.php(217): CodeIgniter\View\View->CodeIgniter\View\{closure}()
#3 /app/system/Common.php(1097): CodeIgniter\View\View->render()
#4 /app/app/Controllers/cart.php(26): view()
#5 /app/system/CodeIgniter.php(824): App\Controllers\Cart->index()
#6 /app/system/CodeIgniter.php(410): CodeIgniter\CodeIgniter->runController()
#7 /app/system/CodeIgniter.php(318): CodeIgniter\CodeIgniter->handleRequest()
#8 /app/public/index.php(37): CodeIgniter\CodeIgniter->run()
#9 {main}
CRITICAL - 2021-12-17 08:46:35 --> Trying to access array offset on value of type null
#0 /app/app/Views/profile/cart.php(10): CodeIgniter\Debug\Exceptions->errorHandler()
#1 /app/system/View/View.php(214): include('...')
#2 /app/system/View/View.php(217): CodeIgniter\View\View->CodeIgniter\View\{closure}()
#3 /app/system/Common.php(1097): CodeIgniter\View\View->render()
#4 /app/app/Controllers/cart.php(27): view()
#5 /app/system/CodeIgniter.php(824): App\Controllers\Cart->index()
#6 /app/system/CodeIgniter.php(410): CodeIgniter\CodeIgniter->runController()
#7 /app/system/CodeIgniter.php(318): CodeIgniter\CodeIgniter->handleRequest()
#8 /app/public/index.php(37): CodeIgniter\CodeIgniter->run()
#9 {main}
CRITICAL - 2021-12-17 08:48:19 --> Trying to access array offset on value of type null
#0 /app/app/Views/profile/cart.php(10): CodeIgniter\Debug\Exceptions->errorHandler()
#1 /app/system/View/View.php(214): include('...')
#2 /app/system/View/View.php(217): CodeIgniter\View\View->CodeIgniter\View\{closure}()
#3 /app/system/Common.php(1097): CodeIgniter\View\View->render()
#4 /app/app/Controllers/cart.php(27): view()
#5 /app/system/CodeIgniter.php(824): App\Controllers\Cart->index()
#6 /app/system/CodeIgniter.php(410): CodeIgniter\CodeIgniter->runController()
#7 /app/system/CodeIgniter.php(318): CodeIgniter\CodeIgniter->handleRequest()
#8 /app/public/index.php(37): CodeIgniter\CodeIgniter->run()
#9 {main}
CRITICAL - 2021-12-17 09:01:21 --> Trying to access array offset on value of type null
#0 /app/app/Models/CartModel.php(23): CodeIgniter\Debug\Exceptions->errorHandler()
#1 /app/app/Controllers/cart.php(14): App\Models\CartModel->getCartFromUser()
#2 /app/system/CodeIgniter.php(824): App\Controllers\Cart->index()
#3 /app/system/CodeIgniter.php(410): CodeIgniter\CodeIgniter->runController()
#4 /app/system/CodeIgniter.php(318): CodeIgniter\CodeIgniter->handleRequest()
#5 /app/public/index.php(37): CodeIgniter\CodeIgniter->run()
#6 {main}
CRITICAL - 2021-12-17 09:05:15 --> Undefined array key "name"
#0 /app/app/Views/profile/cart.php(11): CodeIgniter\Debug\Exceptions->errorHandler()
#1 /app/system/View/View.php(214): include('...')
#2 /app/system/View/View.php(217): CodeIgniter\View\View->CodeIgniter\View\{closure}()
#3 /app/system/Common.php(1097): CodeIgniter\View\View->render()
#4 /app/app/Controllers/cart.php(27): view()
#5 /app/system/CodeIgniter.php(824): App\Controllers\Cart->index()
#6 /app/system/CodeIgniter.php(410): CodeIgniter\CodeIgniter->runController()
#7 /app/system/CodeIgniter.php(318): CodeIgniter\CodeIgniter->handleRequest()
#8 /app/public/index.php(37): CodeIgniter\CodeIgniter->run()
#9 {main}
CRITICAL - 2021-12-17 09:06:16 --> syntax error, unexpected token ";"
#0 /app/system/View/View.php(217): CodeIgniter\View\View->CodeIgniter\View\{closure}()
#1 /app/system/Common.php(1097): CodeIgniter\View\View->render()
#2 /app/app/Controllers/cart.php(27): view()
#3 /app/system/CodeIgniter.php(824): App\Controllers\Cart->index()
#4 /app/system/CodeIgniter.php(410): CodeIgniter\CodeIgniter->runController()
#5 /app/system/CodeIgniter.php(318): CodeIgniter\CodeIgniter->handleRequest()
#6 /app/public/index.php(37): CodeIgniter\CodeIgniter->run()
#7 {main}
CRITICAL - 2021-12-17 09:11:48 --> Call to undefined method App\Models\ProductModel::getProductById
#0 /app/app/Controllers/cart.php(19): CodeIgniter\Model->__call()
#1 /app/system/CodeIgniter.php(824): App\Controllers\Cart->index()
#2 /app/system/CodeIgniter.php(410): CodeIgniter\CodeIgniter->runController()
#3 /app/system/CodeIgniter.php(318): CodeIgniter\CodeIgniter->handleRequest()
#4 /app/public/index.php(37): CodeIgniter\CodeIgniter->run()
#5 {main}
CRITICAL - 2021-12-17 09:11:59 --> Undefined array key 3
#0 /app/app/Views/profile/cart.php(10): CodeIgniter\Debug\Exceptions->errorHandler()
#1 /app/system/View/View.php(214): include('...')
#2 /app/system/View/View.php(217): CodeIgniter\View\View->CodeIgniter\View\{closure}()
#3 /app/system/Common.php(1097): CodeIgniter\View\View->render()
#4 /app/app/Controllers/cart.php(32): view()
#5 /app/system/CodeIgniter.php(824): App\Controllers\Cart->index()
#6 /app/system/CodeIgniter.php(410): CodeIgniter\CodeIgniter->runController()
#7 /app/system/CodeIgniter.php(318): CodeIgniter\CodeIgniter->handleRequest()
#8 /app/public/index.php(37): CodeIgniter\CodeIgniter->run()
#9 {main}
CRITICAL - 2021-12-17 09:12:29 --> Undefined array key 3
#0 /app/app/Views/profile/cart.php(10): CodeIgniter\Debug\Exceptions->errorHandler()
#1 /app/system/View/View.php(214): include('...')
#2 /app/system/View/View.php(217): CodeIgniter\View\View->CodeIgniter\View\{closure}()
#3 /app/system/Common.php(1097): CodeIgniter\View\View->render()
#4 /app/app/Controllers/cart.php(32): view()
#5 /app/system/CodeIgniter.php(824): App\Controllers\Cart->index()
#6 /app/system/CodeIgniter.php(410): CodeIgniter\CodeIgniter->runController()
#7 /app/system/CodeIgniter.php(318): CodeIgniter\CodeIgniter->handleRequest()
#8 /app/public/index.php(37): CodeIgniter\CodeIgniter->run()
#9 {main}
CRITICAL - 2021-12-17 09:12:41 --> Cannot access offset of type string on string
#0 /app/system/View/View.php(214): include()
#1 /app/system/View/View.php(217): CodeIgniter\View\View->CodeIgniter\View\{closure}()
#2 /app/system/Common.php(1097): CodeIgniter\View\View->render()
#3 /app/app/Controllers/cart.php(32): view()
#4 /app/system/CodeIgniter.php(824): App\Controllers\Cart->index()
#5 /app/system/CodeIgniter.php(410): CodeIgniter\CodeIgniter->runController()
#6 /app/system/CodeIgniter.php(318): CodeIgniter\CodeIgniter->handleRequest()
#7 /app/public/index.php(37): CodeIgniter\CodeIgniter->run()
#8 {main}
CRITICAL - 2021-12-17 09:12:57 --> Undefined array key 3
#0 /app/app/Views/profile/cart.php(10): CodeIgniter\Debug\Exceptions->errorHandler()
#1 /app/system/View/View.php(214): include('...')
#2 /app/system/View/View.php(217): CodeIgniter\View\View->CodeIgniter\View\{closure}()
#3 /app/system/Common.php(1097): CodeIgniter\View\View->render()
#4 /app/app/Controllers/cart.php(32): view()
#5 /app/system/CodeIgniter.php(824): App\Controllers\Cart->index()
#6 /app/system/CodeIgniter.php(410): CodeIgniter\CodeIgniter->runController()
#7 /app/system/CodeIgniter.php(318): CodeIgniter\CodeIgniter->handleRequest()
#8 /app/public/index.php(37): CodeIgniter\CodeIgniter->run()
#9 {main}
