CRITICAL - 2021-11-30 07:16:21 --> Class "Config\UserRules" not found
#0 /app/system/Validation/Validation.php(115): CodeIgniter\Validation\Validation->loadRuleSets()
#1 /app/system/Controller.php(160): CodeIgniter\Validation\Validation->run()
#2 /app/app/Controllers/Login.php(57): CodeIgniter\Controller->validate()
#3 /app/system/CodeIgniter.php(824): App\Controllers\Login->validateLogin()
#4 /app/system/CodeIgniter.php(410): CodeIgniter\CodeIgniter->runController()
#5 /app/system/CodeIgniter.php(318): CodeIgniter\CodeIgniter->handleRequest()
#6 /app/public/index.php(37): CodeIgniter\CodeIgniter->run()
#7 {main}
CRITICAL - 2021-11-30 07:17:24 --> Class "CodeIgniter\Validation\UserRules" not found
#0 /app/system/Validation/Validation.php(115): CodeIgniter\Validation\Validation->loadRuleSets()
#1 /app/system/Controller.php(160): CodeIgniter\Validation\Validation->run()
#2 /app/app/Controllers/Login.php(57): CodeIgniter\Controller->validate()
#3 /app/system/CodeIgniter.php(824): App\Controllers\Login->validateLogin()
#4 /app/system/CodeIgniter.php(410): CodeIgniter\CodeIgniter->runController()
#5 /app/system/CodeIgniter.php(318): CodeIgniter\CodeIgniter->handleRequest()
#6 /app/public/index.php(37): CodeIgniter\CodeIgniter->run()
#7 {main}
CRITICAL - 2021-11-30 08:10:08 --> validateUser is not a valid rule.
#0 /app/system/Validation/Validation.php(285): CodeIgniter\Validation\Exceptions\ValidationException::forRuleNotFound()
#1 /app/system/Validation/Validation.php(151): CodeIgniter\Validation\Validation->processRules()
#2 /app/system/Controller.php(160): CodeIgniter\Validation\Validation->run()
#3 /app/app/Controllers/Login.php(57): CodeIgniter\Controller->validate()
#4 /app/system/CodeIgniter.php(824): App\Controllers\Login->validateLogin()
#5 /app/system/CodeIgniter.php(410): CodeIgniter\CodeIgniter->runController()
#6 /app/system/CodeIgniter.php(318): CodeIgniter\CodeIgniter->handleRequest()
#7 /app/public/index.php(37): CodeIgniter\CodeIgniter->run()
#8 {main}
CRITICAL - 2021-11-30 08:18:43 --> syntax error, unexpected token "if"
#0 /app/system/Autoloader/Autoloader.php(241): CodeIgniter\Autoloader\Autoloader->includeFile()
#1 /app/system/Autoloader/Autoloader.php(219): CodeIgniter\Autoloader\Autoloader->loadInNamespace()
#2 [internal function]: CodeIgniter\Autoloader\Autoloader->loadClass()
#3 /app/system/CodeIgniter.php(789): class_exists()
#4 /app/system/CodeIgniter.php(397): CodeIgniter\CodeIgniter->startController()
#5 /app/system/CodeIgniter.php(318): CodeIgniter\CodeIgniter->handleRequest()
#6 /app/public/index.php(37): CodeIgniter\CodeIgniter->run()
#7 {main}
CRITICAL - 2021-11-30 08:19:33 --> Undefined variable $errors
#0 /app/app/Controllers/Login.php(28): CodeIgniter\Debug\Exceptions->errorHandler()
#1 /app/system/CodeIgniter.php(824): App\Controllers\Login->create()
#2 /app/system/CodeIgniter.php(410): CodeIgniter\CodeIgniter->runController()
#3 /app/system/CodeIgniter.php(318): CodeIgniter\CodeIgniter->handleRequest()
#4 /app/public/index.php(37): CodeIgniter\CodeIgniter->run()
#5 {main}
CRITICAL - 2021-11-30 08:31:31 --> view(): Argument #2 ($data) must be of type array, null given, called in /app/app/Controllers/Profile.php on line 15
#0 /app/app/Controllers/Profile.php(15): view()
#1 /app/system/CodeIgniter.php(824): App\Controllers\Profile->index()
#2 /app/system/CodeIgniter.php(410): CodeIgniter\CodeIgniter->runController()
#3 /app/system/CodeIgniter.php(318): CodeIgniter\CodeIgniter->handleRequest()
#4 /app/public/index.php(37): CodeIgniter\CodeIgniter->run()
#5 {main}
CRITICAL - 2021-11-30 08:32:47 --> view(): Argument #2 ($data) must be of type array, null given, called in /app/app/Controllers/Profile.php on line 15
#0 /app/app/Controllers/Profile.php(15): view()
#1 /app/system/CodeIgniter.php(824): App\Controllers\Profile->index()
#2 /app/system/CodeIgniter.php(410): CodeIgniter\CodeIgniter->runController()
#3 /app/system/CodeIgniter.php(318): CodeIgniter\CodeIgniter->handleRequest()
#4 /app/public/index.php(37): CodeIgniter\CodeIgniter->run()
#5 {main}
CRITICAL - 2021-11-30 08:32:58 --> view(): Argument #2 ($data) must be of type array, null given, called in /app/app/Controllers/Profile.php on line 15
#0 /app/app/Controllers/Profile.php(15): view()
#1 /app/system/CodeIgniter.php(824): App\Controllers\Profile->index()
#2 /app/system/CodeIgniter.php(410): CodeIgniter\CodeIgniter->runController()
#3 /app/system/CodeIgniter.php(318): CodeIgniter\CodeIgniter->handleRequest()
#4 /app/public/index.php(37): CodeIgniter\CodeIgniter->run()
#5 {main}
CRITICAL - 2021-11-30 08:33:00 --> view(): Argument #2 ($data) must be of type array, null given, called in /app/app/Controllers/Profile.php on line 15
#0 /app/app/Controllers/Profile.php(15): view()
#1 /app/system/CodeIgniter.php(824): App\Controllers\Profile->index()
#2 /app/system/CodeIgniter.php(410): CodeIgniter\CodeIgniter->runController()
#3 /app/system/CodeIgniter.php(318): CodeIgniter\CodeIgniter->handleRequest()
#4 /app/public/index.php(37): CodeIgniter\CodeIgniter->run()
#5 {main}
CRITICAL - 2021-11-30 08:33:15 --> view(): Argument #2 ($data) must be of type array, CodeIgniter\Session\Session given, called in /app/app/Controllers/Profile.php on line 14
#0 /app/app/Controllers/Profile.php(14): view()
#1 /app/system/CodeIgniter.php(824): App\Controllers\Profile->index()
#2 /app/system/CodeIgniter.php(410): CodeIgniter\CodeIgniter->runController()
#3 /app/system/CodeIgniter.php(318): CodeIgniter\CodeIgniter->handleRequest()
#4 /app/public/index.php(37): CodeIgniter\CodeIgniter->run()
#5 {main}
CRITICAL - 2021-11-30 08:35:51 --> Undefined variable $session
#0 /app/app/Views/profile/profile.php(2): CodeIgniter\Debug\Exceptions->errorHandler()
#1 /app/system/View/View.php(214): include('...')
#2 /app/system/View/View.php(217): CodeIgniter\View\View->CodeIgniter\View\{closure}()
#3 /app/system/Common.php(1097): CodeIgniter\View\View->render()
#4 /app/app/Controllers/Profile.php(15): view()
#5 /app/system/CodeIgniter.php(824): App\Controllers\Profile->index()
#6 /app/system/CodeIgniter.php(410): CodeIgniter\CodeIgniter->runController()
#7 /app/system/CodeIgniter.php(318): CodeIgniter\CodeIgniter->handleRequest()
#8 /app/public/index.php(37): CodeIgniter\CodeIgniter->run()
#9 {main}
CRITICAL - 2021-11-30 08:39:07 --> Undefined variable $session
#0 /app/app/Controllers/Profile.php(11): CodeIgniter\Debug\Exceptions->errorHandler()
#1 /app/system/CodeIgniter.php(824): App\Controllers\Profile->index()
#2 /app/system/CodeIgniter.php(410): CodeIgniter\CodeIgniter->runController()
#3 /app/system/CodeIgniter.php(318): CodeIgniter\CodeIgniter->handleRequest()
#4 /app/public/index.php(37): CodeIgniter\CodeIgniter->run()
#5 {main}
CRITICAL - 2021-11-30 08:48:29 --> Call to undefined method App\Controllers\Login::where()
#0 /app/system/CodeIgniter.php(824): App\Controllers\Login->validateLogin()
#1 /app/system/CodeIgniter.php(410): CodeIgniter\CodeIgniter->runController()
#2 /app/system/CodeIgniter.php(318): CodeIgniter\CodeIgniter->handleRequest()
#3 /app/public/index.php(37): CodeIgniter\CodeIgniter->run()
#4 {main}
CRITICAL - 2021-11-30 08:55:57 --> Array to string conversion
#0 /app/app/Views/profile/profile.php(5): CodeIgniter\Debug\Exceptions->errorHandler()
#1 /app/system/View/View.php(214): include('...')
#2 /app/system/View/View.php(217): CodeIgniter\View\View->CodeIgniter\View\{closure}()
#3 /app/system/Common.php(1097): CodeIgniter\View\View->render()
#4 /app/app/Controllers/Profile.php(18): view()
#5 /app/system/CodeIgniter.php(824): App\Controllers\Profile->index()
#6 /app/system/CodeIgniter.php(410): CodeIgniter\CodeIgniter->runController()
#7 /app/system/CodeIgniter.php(318): CodeIgniter\CodeIgniter->handleRequest()
#8 /app/public/index.php(37): CodeIgniter\CodeIgniter->run()
#9 {main}
CRITICAL - 2021-11-30 09:01:36 --> Array to string conversion
#0 /app/app/Views/profile/profile.php(6): CodeIgniter\Debug\Exceptions->errorHandler()
#1 /app/system/View/View.php(214): include('...')
#2 /app/system/View/View.php(217): CodeIgniter\View\View->CodeIgniter\View\{closure}()
#3 /app/system/Common.php(1097): CodeIgniter\View\View->render()
#4 /app/app/Controllers/Profile.php(18): view()
#5 /app/system/CodeIgniter.php(824): App\Controllers\Profile->index()
#6 /app/system/CodeIgniter.php(410): CodeIgniter\CodeIgniter->runController()
#7 /app/system/CodeIgniter.php(318): CodeIgniter\CodeIgniter->handleRequest()
#8 /app/public/index.php(37): CodeIgniter\CodeIgniter->run()
#9 {main}
CRITICAL - 2021-11-30 09:03:54 --> Array to string conversion
#0 /app/app/Views/profile/profile.php(9): CodeIgniter\Debug\Exceptions->errorHandler()
#1 /app/system/View/View.php(214): include('...')
#2 /app/system/View/View.php(217): CodeIgniter\View\View->CodeIgniter\View\{closure}()
#3 /app/system/Common.php(1097): CodeIgniter\View\View->render()
#4 /app/app/Controllers/Profile.php(18): view()
#5 /app/system/CodeIgniter.php(824): App\Controllers\Profile->index()
#6 /app/system/CodeIgniter.php(410): CodeIgniter\CodeIgniter->runController()
#7 /app/system/CodeIgniter.php(318): CodeIgniter\CodeIgniter->handleRequest()
#8 /app/public/index.php(37): CodeIgniter\CodeIgniter->run()
#9 {main}
