ERROR - 2021-12-14 04:17:10 --> Unknown column 'id' in 'where clause'
CRITICAL - 2021-12-14 04:17:10 --> Unknown column 'id' in 'where clause'
#0 /app/system/Database/MySQLi/Connection.php(292): mysqli->query()
#1 /app/system/Database/BaseConnection.php(670): CodeIgniter\Database\MySQLi\Connection->execute()
#2 /app/system/Database/BaseConnection.php(598): CodeIgniter\Database\BaseConnection->simpleQuery()
#3 /app/system/Database/BaseBuilder.php(1527): CodeIgniter\Database\BaseConnection->query()
#4 /app/system/Model.php(509): CodeIgniter\Database\BaseBuilder->countAllResults()
#5 /app/system/Model.php(592): CodeIgniter\Model->countAllResults()
#6 /app/system/BaseModel.php(655): CodeIgniter\Model->shouldUpdate()
#7 /app/app/Controllers/Profile.php(64): CodeIgniter\BaseModel->save()
#8 /app/system/CodeIgniter.php(824): App\Controllers\Profile->createMessage()
#9 /app/system/CodeIgniter.php(410): CodeIgniter\CodeIgniter->runController()
#10 /app/system/CodeIgniter.php(318): CodeIgniter\CodeIgniter->handleRequest()
#11 /app/public/index.php(37): CodeIgniter\CodeIgniter->run()
#12 {main}
ERROR - 2021-12-14 04:23:03 --> Unknown column 'id' in 'where clause'
CRITICAL - 2021-12-14 04:23:03 --> Unknown column 'id' in 'where clause'
#0 /app/system/Database/MySQLi/Connection.php(292): mysqli->query()
#1 /app/system/Database/BaseConnection.php(670): CodeIgniter\Database\MySQLi\Connection->execute()
#2 /app/system/Database/BaseConnection.php(598): CodeIgniter\Database\BaseConnection->simpleQuery()
#3 /app/system/Database/BaseBuilder.php(1527): CodeIgniter\Database\BaseConnection->query()
#4 /app/system/Model.php(509): CodeIgniter\Database\BaseBuilder->countAllResults()
#5 /app/system/Model.php(592): CodeIgniter\Model->countAllResults()
#6 /app/system/BaseModel.php(655): CodeIgniter\Model->shouldUpdate()
#7 /app/app/Controllers/Profile.php(63): CodeIgniter\BaseModel->save()
#8 /app/system/CodeIgniter.php(824): App\Controllers\Profile->createMessage()
#9 /app/system/CodeIgniter.php(410): CodeIgniter\CodeIgniter->runController()
#10 /app/system/CodeIgniter.php(318): CodeIgniter\CodeIgniter->handleRequest()
#11 /app/public/index.php(37): CodeIgniter\CodeIgniter->run()
#12 {main}
ERROR - 2021-12-14 04:23:18 --> Unknown column 'id' in 'where clause'
CRITICAL - 2021-12-14 04:23:18 --> Unknown column 'id' in 'where clause'
#0 /app/system/Database/MySQLi/Connection.php(292): mysqli->query()
#1 /app/system/Database/BaseConnection.php(670): CodeIgniter\Database\MySQLi\Connection->execute()
#2 /app/system/Database/BaseConnection.php(598): CodeIgniter\Database\BaseConnection->simpleQuery()
#3 /app/system/Database/BaseBuilder.php(1527): CodeIgniter\Database\BaseConnection->query()
#4 /app/system/Model.php(509): CodeIgniter\Database\BaseBuilder->countAllResults()
#5 /app/system/Model.php(592): CodeIgniter\Model->countAllResults()
#6 /app/system/BaseModel.php(655): CodeIgniter\Model->shouldUpdate()
#7 /app/app/Controllers/Profile.php(63): CodeIgniter\BaseModel->save()
#8 /app/system/CodeIgniter.php(824): App\Controllers\Profile->createMessage()
#9 /app/system/CodeIgniter.php(410): CodeIgniter\CodeIgniter->runController()
#10 /app/system/CodeIgniter.php(318): CodeIgniter\CodeIgniter->handleRequest()
#11 /app/public/index.php(37): CodeIgniter\CodeIgniter->run()
#12 {main}
ERROR - 2021-12-14 04:25:02 --> Operand should contain 1 column(s)
CRITICAL - 2021-12-14 04:25:02 --> Operand should contain 1 column(s)
#0 /app/system/Database/MySQLi/Connection.php(292): mysqli->query()
#1 /app/system/Database/BaseConnection.php(670): CodeIgniter\Database\MySQLi\Connection->execute()
#2 /app/system/Database/BaseConnection.php(598): CodeIgniter\Database\BaseConnection->simpleQuery()
#3 /app/system/Database/BaseBuilder.php(1759): CodeIgniter\Database\BaseConnection->query()
#4 /app/system/Model.php(239): CodeIgniter\Database\BaseBuilder->insert()
#5 /app/system/BaseModel.php(738): CodeIgniter\Model->doInsert()
#6 /app/system/Model.php(620): CodeIgniter\BaseModel->insert()
#7 /app/system/BaseModel.php(658): CodeIgniter\Model->insert()
#8 /app/app/Controllers/Profile.php(64): CodeIgniter\BaseModel->save()
#9 /app/system/CodeIgniter.php(824): App\Controllers\Profile->createMessage()
#10 /app/system/CodeIgniter.php(410): CodeIgniter\CodeIgniter->runController()
#11 /app/system/CodeIgniter.php(318): CodeIgniter\CodeIgniter->handleRequest()
#12 /app/public/index.php(37): CodeIgniter\CodeIgniter->run()
#13 {main}
ERROR - 2021-12-14 04:26:13 --> Operand should contain 1 column(s)
CRITICAL - 2021-12-14 04:26:13 --> Operand should contain 1 column(s)
#0 /app/system/Database/MySQLi/Connection.php(292): mysqli->query()
#1 /app/system/Database/BaseConnection.php(670): CodeIgniter\Database\MySQLi\Connection->execute()
#2 /app/system/Database/BaseConnection.php(598): CodeIgniter\Database\BaseConnection->simpleQuery()
#3 /app/system/Database/BaseBuilder.php(1759): CodeIgniter\Database\BaseConnection->query()
#4 /app/system/Model.php(239): CodeIgniter\Database\BaseBuilder->insert()
#5 /app/system/BaseModel.php(738): CodeIgniter\Model->doInsert()
#6 /app/system/Model.php(620): CodeIgniter\BaseModel->insert()
#7 /app/system/BaseModel.php(658): CodeIgniter\Model->insert()
#8 /app/app/Controllers/Profile.php(64): CodeIgniter\BaseModel->save()
#9 /app/system/CodeIgniter.php(824): App\Controllers\Profile->createMessage()
#10 /app/system/CodeIgniter.php(410): CodeIgniter\CodeIgniter->runController()
#11 /app/system/CodeIgniter.php(318): CodeIgniter\CodeIgniter->handleRequest()
#12 /app/public/index.php(37): CodeIgniter\CodeIgniter->run()
#13 {main}
ERROR - 2021-12-14 04:26:38 --> Operand should contain 1 column(s)
CRITICAL - 2021-12-14 04:26:38 --> Operand should contain 1 column(s)
#0 /app/system/Database/MySQLi/Connection.php(292): mysqli->query()
#1 /app/system/Database/BaseConnection.php(670): CodeIgniter\Database\MySQLi\Connection->execute()
#2 /app/system/Database/BaseConnection.php(598): CodeIgniter\Database\BaseConnection->simpleQuery()
#3 /app/system/Database/BaseBuilder.php(1759): CodeIgniter\Database\BaseConnection->query()
#4 /app/system/Model.php(239): CodeIgniter\Database\BaseBuilder->insert()
#5 /app/system/BaseModel.php(738): CodeIgniter\Model->doInsert()
#6 /app/system/Model.php(620): CodeIgniter\BaseModel->insert()
#7 /app/system/BaseModel.php(658): CodeIgniter\Model->insert()
#8 /app/app/Controllers/Profile.php(64): CodeIgniter\BaseModel->save()
#9 /app/system/CodeIgniter.php(824): App\Controllers\Profile->createMessage()
#10 /app/system/CodeIgniter.php(410): CodeIgniter\CodeIgniter->runController()
#11 /app/system/CodeIgniter.php(318): CodeIgniter\CodeIgniter->handleRequest()
#12 /app/public/index.php(37): CodeIgniter\CodeIgniter->run()
#13 {main}
ERROR - 2021-12-14 04:29:17 --> Operand should contain 1 column(s)
CRITICAL - 2021-12-14 04:29:17 --> Operand should contain 1 column(s)
#0 /app/system/Database/MySQLi/Connection.php(292): mysqli->query()
#1 /app/system/Database/BaseConnection.php(670): CodeIgniter\Database\MySQLi\Connection->execute()
#2 /app/system/Database/BaseConnection.php(598): CodeIgniter\Database\BaseConnection->simpleQuery()
#3 /app/system/Database/BaseBuilder.php(1759): CodeIgniter\Database\BaseConnection->query()
#4 /app/system/Model.php(239): CodeIgniter\Database\BaseBuilder->insert()
#5 /app/system/BaseModel.php(738): CodeIgniter\Model->doInsert()
#6 /app/system/Model.php(620): CodeIgniter\BaseModel->insert()
#7 /app/system/BaseModel.php(658): CodeIgniter\Model->insert()
#8 /app/app/Controllers/Profile.php(64): CodeIgniter\BaseModel->save()
#9 /app/system/CodeIgniter.php(824): App\Controllers\Profile->createMessage()
#10 /app/system/CodeIgniter.php(410): CodeIgniter\CodeIgniter->runController()
#11 /app/system/CodeIgniter.php(318): CodeIgniter\CodeIgniter->handleRequest()
#12 /app/public/index.php(37): CodeIgniter\CodeIgniter->run()
#13 {main}
CRITICAL - 2021-12-14 04:53:02 --> Object of class App\Models\UserModel could not be converted to string
#0 /app/system/View/View.php(214): include()
#1 /app/system/View/View.php(217): CodeIgniter\View\View->CodeIgniter\View\{closure}()
#2 /app/system/Common.php(1097): CodeIgniter\View\View->render()
#3 /app/app/Controllers/Profile.php(33): view()
#4 /app/system/CodeIgniter.php(824): App\Controllers\Profile->messages()
#5 /app/system/CodeIgniter.php(410): CodeIgniter\CodeIgniter->runController()
#6 /app/system/CodeIgniter.php(318): CodeIgniter\CodeIgniter->handleRequest()
#7 /app/public/index.php(37): CodeIgniter\CodeIgniter->run()
#8 {main}
CRITICAL - 2021-12-14 04:53:42 --> Undefined array key "name"
#0 /app/app/Views/profile/messages.php(11): CodeIgniter\Debug\Exceptions->errorHandler()
#1 /app/system/View/View.php(214): include('...')
#2 /app/system/View/View.php(217): CodeIgniter\View\View->CodeIgniter\View\{closure}()
#3 /app/system/Common.php(1097): CodeIgniter\View\View->render()
#4 /app/app/Controllers/Profile.php(33): view()
#5 /app/system/CodeIgniter.php(824): App\Controllers\Profile->messages()
#6 /app/system/CodeIgniter.php(410): CodeIgniter\CodeIgniter->runController()
#7 /app/system/CodeIgniter.php(318): CodeIgniter\CodeIgniter->handleRequest()
#8 /app/public/index.php(37): CodeIgniter\CodeIgniter->run()
#9 {main}
CRITICAL - 2021-12-14 09:09:32 --> syntax error, unexpected token "}"
#0 /app/system/Autoloader/Autoloader.php(241): CodeIgniter\Autoloader\Autoloader->includeFile()
#1 /app/system/Autoloader/Autoloader.php(219): CodeIgniter\Autoloader\Autoloader->loadInNamespace()
#2 [internal function]: CodeIgniter\Autoloader\Autoloader->loadClass()
#3 /app/system/CodeIgniter.php(789): class_exists()
#4 /app/system/CodeIgniter.php(397): CodeIgniter\CodeIgniter->startController()
#5 /app/system/CodeIgniter.php(318): CodeIgniter\CodeIgniter->handleRequest()
#6 /app/public/index.php(37): CodeIgniter\CodeIgniter->run()
#7 {main}
CRITICAL - 2021-12-14 09:09:57 --> syntax error, unexpected token "}"
#0 /app/system/Autoloader/Autoloader.php(241): CodeIgniter\Autoloader\Autoloader->includeFile()
#1 /app/system/Autoloader/Autoloader.php(219): CodeIgniter\Autoloader\Autoloader->loadInNamespace()
#2 [internal function]: CodeIgniter\Autoloader\Autoloader->loadClass()
#3 /app/system/CodeIgniter.php(789): class_exists()
#4 /app/system/CodeIgniter.php(397): CodeIgniter\CodeIgniter->startController()
#5 /app/system/CodeIgniter.php(318): CodeIgniter\CodeIgniter->handleRequest()
#6 /app/public/index.php(37): CodeIgniter\CodeIgniter->run()
#7 {main}
CRITICAL - 2021-12-14 09:09:59 --> syntax error, unexpected token "}"
#0 /app/system/Autoloader/Autoloader.php(241): CodeIgniter\Autoloader\Autoloader->includeFile()
#1 /app/system/Autoloader/Autoloader.php(219): CodeIgniter\Autoloader\Autoloader->loadInNamespace()
#2 [internal function]: CodeIgniter\Autoloader\Autoloader->loadClass()
#3 /app/system/CodeIgniter.php(789): class_exists()
#4 /app/system/CodeIgniter.php(397): CodeIgniter\CodeIgniter->startController()
#5 /app/system/CodeIgniter.php(318): CodeIgniter\CodeIgniter->handleRequest()
#6 /app/public/index.php(37): CodeIgniter\CodeIgniter->run()
#7 {main}
CRITICAL - 2021-12-14 09:10:04 --> syntax error, unexpected token "}"
#0 /app/system/Autoloader/Autoloader.php(241): CodeIgniter\Autoloader\Autoloader->includeFile()
#1 /app/system/Autoloader/Autoloader.php(219): CodeIgniter\Autoloader\Autoloader->loadInNamespace()
#2 [internal function]: CodeIgniter\Autoloader\Autoloader->loadClass()
#3 /app/system/CodeIgniter.php(789): class_exists()
#4 /app/system/CodeIgniter.php(397): CodeIgniter\CodeIgniter->startController()
#5 /app/system/CodeIgniter.php(318): CodeIgniter\CodeIgniter->handleRequest()
#6 /app/public/index.php(37): CodeIgniter\CodeIgniter->run()
#7 {main}
CRITICAL - 2021-12-14 09:10:25 --> syntax error, unexpected token "}"
#0 /app/system/Autoloader/Autoloader.php(241): CodeIgniter\Autoloader\Autoloader->includeFile()
#1 /app/system/Autoloader/Autoloader.php(219): CodeIgniter\Autoloader\Autoloader->loadInNamespace()
#2 [internal function]: CodeIgniter\Autoloader\Autoloader->loadClass()
#3 /app/system/CodeIgniter.php(789): class_exists()
#4 /app/system/CodeIgniter.php(397): CodeIgniter\CodeIgniter->startController()
#5 /app/system/CodeIgniter.php(318): CodeIgniter\CodeIgniter->handleRequest()
#6 /app/public/index.php(37): CodeIgniter\CodeIgniter->run()
#7 {main}
CRITICAL - 2021-12-14 09:11:20 --> syntax error, unexpected token "}"
#0 /app/system/Autoloader/Autoloader.php(241): CodeIgniter\Autoloader\Autoloader->includeFile()
#1 /app/system/Autoloader/Autoloader.php(219): CodeIgniter\Autoloader\Autoloader->loadInNamespace()
#2 [internal function]: CodeIgniter\Autoloader\Autoloader->loadClass()
#3 /app/system/CodeIgniter.php(789): class_exists()
#4 /app/system/CodeIgniter.php(397): CodeIgniter\CodeIgniter->startController()
#5 /app/system/CodeIgniter.php(318): CodeIgniter\CodeIgniter->handleRequest()
#6 /app/public/index.php(37): CodeIgniter\CodeIgniter->run()
#7 {main}
