CRITICAL - 2021-12-13 07:47:24 --> Undefined variable $session
#0 /app/app/Views/templates/header.php(28): CodeIgniter\Debug\Exceptions->errorHandler()
#1 /app/system/View/View.php(214): include('...')
#2 /app/system/View/View.php(217): CodeIgniter\View\View->CodeIgniter\View\{closure}()
#3 /app/system/Common.php(1097): CodeIgniter\View\View->render()
#4 /app/app/Controllers/Login.php(12): view()
#5 /app/app/Controllers/Login.php(92): App\Controllers\Login->index()
#6 /app/system/CodeIgniter.php(824): App\Controllers\Login->chooseLoginOrLogout()
#7 /app/system/CodeIgniter.php(410): CodeIgniter\CodeIgniter->runController()
#8 /app/system/CodeIgniter.php(318): CodeIgniter\CodeIgniter->handleRequest()
#9 /app/public/index.php(37): CodeIgniter\CodeIgniter->run()
#10 {main}
CRITICAL - 2021-12-13 09:02:29 --> Undefined variable $recievedMessages
#0 /app/app/Models/MessageModel.php(33): CodeIgniter\Debug\Exceptions->errorHandler()
#1 /app/app/Controllers/Profile.php(26): App\Models\MessageModel->getRecievedMessages()
#2 /app/system/CodeIgniter.php(824): App\Controllers\Profile->messages()
#3 /app/system/CodeIgniter.php(410): CodeIgniter\CodeIgniter->runController()
#4 /app/system/CodeIgniter.php(318): CodeIgniter\CodeIgniter->handleRequest()
#5 /app/public/index.php(37): CodeIgniter\CodeIgniter->run()
#6 {main}
CRITICAL - 2021-12-13 09:03:12 --> Undefined variable $recievedMessages
#0 /app/app/Models/MessageModel.php(32): CodeIgniter\Debug\Exceptions->errorHandler()
#1 /app/app/Controllers/Profile.php(26): App\Models\MessageModel->getRecievedMessages()
#2 /app/system/CodeIgniter.php(824): App\Controllers\Profile->messages()
#3 /app/system/CodeIgniter.php(410): CodeIgniter\CodeIgniter->runController()
#4 /app/system/CodeIgniter.php(318): CodeIgniter\CodeIgniter->handleRequest()
#5 /app/public/index.php(37): CodeIgniter\CodeIgniter->run()
#6 {main}
CRITICAL - 2021-12-13 09:05:02 --> Undefined variable $data
#0 /app/app/Controllers/Profile.php(32): CodeIgniter\Debug\Exceptions->errorHandler()
#1 /app/system/CodeIgniter.php(824): App\Controllers\Profile->messages()
#2 /app/system/CodeIgniter.php(410): CodeIgniter\CodeIgniter->runController()
#3 /app/system/CodeIgniter.php(318): CodeIgniter\CodeIgniter->handleRequest()
#4 /app/public/index.php(37): CodeIgniter\CodeIgniter->run()
#5 {main}
CRITICAL - 2021-12-13 09:05:18 --> view(): Argument #2 ($data) must be of type array, null given, called in /app/app/Controllers/Profile.php on line 33
#0 /app/app/Controllers/Profile.php(33): view()
#1 /app/system/CodeIgniter.php(824): App\Controllers\Profile->messages()
#2 /app/system/CodeIgniter.php(410): CodeIgniter\CodeIgniter->runController()
#3 /app/system/CodeIgniter.php(318): CodeIgniter\CodeIgniter->handleRequest()
#4 /app/public/index.php(37): CodeIgniter\CodeIgniter->run()
#5 {main}
ERROR - 2021-12-13 09:32:42 --> Unknown column 'id' in 'where clause'
CRITICAL - 2021-12-13 09:32:42 --> Unknown column 'id' in 'where clause'
#0 /app/system/Database/MySQLi/Connection.php(292): mysqli->query()
#1 /app/system/Database/BaseConnection.php(670): CodeIgniter\Database\MySQLi\Connection->execute()
#2 /app/system/Database/BaseConnection.php(598): CodeIgniter\Database\BaseConnection->simpleQuery()
#3 /app/system/Database/BaseBuilder.php(1527): CodeIgniter\Database\BaseConnection->query()
#4 /app/system/Model.php(509): CodeIgniter\Database\BaseBuilder->countAllResults()
#5 /app/system/Model.php(592): CodeIgniter\Model->countAllResults()
#6 /app/system/BaseModel.php(655): CodeIgniter\Model->shouldUpdate()
#7 /app/app/Controllers/Profile.php(65): CodeIgniter\BaseModel->save()
#8 /app/system/CodeIgniter.php(824): App\Controllers\Profile->createMessage()
#9 /app/system/CodeIgniter.php(410): CodeIgniter\CodeIgniter->runController()
#10 /app/system/CodeIgniter.php(318): CodeIgniter\CodeIgniter->handleRequest()
#11 /app/public/index.php(37): CodeIgniter\CodeIgniter->run()
#12 {main}
ERROR - 2021-12-13 09:33:36 --> Unknown column 'id' in 'where clause'
CRITICAL - 2021-12-13 09:33:36 --> Unknown column 'id' in 'where clause'
#0 /app/system/Database/MySQLi/Connection.php(292): mysqli->query()
#1 /app/system/Database/BaseConnection.php(670): CodeIgniter\Database\MySQLi\Connection->execute()
#2 /app/system/Database/BaseConnection.php(598): CodeIgniter\Database\BaseConnection->simpleQuery()
#3 /app/system/Database/BaseBuilder.php(1527): CodeIgniter\Database\BaseConnection->query()
#4 /app/system/Model.php(509): CodeIgniter\Database\BaseBuilder->countAllResults()
#5 /app/system/Model.php(592): CodeIgniter\Model->countAllResults()
#6 /app/system/BaseModel.php(655): CodeIgniter\Model->shouldUpdate()
#7 /app/app/Controllers/Profile.php(65): CodeIgniter\BaseModel->save()
#8 /app/system/CodeIgniter.php(824): App\Controllers\Profile->createMessage()
#9 /app/system/CodeIgniter.php(410): CodeIgniter\CodeIgniter->runController()
#10 /app/system/CodeIgniter.php(318): CodeIgniter\CodeIgniter->handleRequest()
#11 /app/public/index.php(37): CodeIgniter\CodeIgniter->run()
#12 {main}
ERROR - 2021-12-13 09:39:00 --> Unknown column 'id' in 'where clause'
CRITICAL - 2021-12-13 09:39:00 --> Unknown column 'id' in 'where clause'
#0 /app/system/Database/MySQLi/Connection.php(292): mysqli->query()
#1 /app/system/Database/BaseConnection.php(670): CodeIgniter\Database\MySQLi\Connection->execute()
#2 /app/system/Database/BaseConnection.php(598): CodeIgniter\Database\BaseConnection->simpleQuery()
#3 /app/system/Database/BaseBuilder.php(1527): CodeIgniter\Database\BaseConnection->query()
#4 /app/system/Model.php(509): CodeIgniter\Database\BaseBuilder->countAllResults()
#5 /app/system/Model.php(592): CodeIgniter\Model->countAllResults()
#6 /app/system/BaseModel.php(655): CodeIgniter\Model->shouldUpdate()
#7 /app/app/Controllers/Profile.php(65): CodeIgniter\BaseModel->save()
#8 /app/system/CodeIgniter.php(824): App\Controllers\Profile->createMessage()
#9 /app/system/CodeIgniter.php(410): CodeIgniter\CodeIgniter->runController()
#10 /app/system/CodeIgniter.php(318): CodeIgniter\CodeIgniter->handleRequest()
#11 /app/public/index.php(37): CodeIgniter\CodeIgniter->run()
#12 {main}
